<?xml version="1.0" encoding="UTF-8"?>
<coverage generated="1771453168393" clover="3.2.0">
  <project timestamp="1771453168393" name="All files">
    <metrics statements="13" coveredstatements="10" conditionals="3" coveredconditionals="1" methods="2" coveredmethods="2" elements="18" coveredelements="13" complexity="0" loc="13" ncloc="13" packages="1" files="1" classes="1"/>
    <file name="database.js" path="/home/joaoviv/github/clone-tabnews/infra/database.js">
      <metrics statements="13" coveredstatements="10" conditionals="3" coveredconditionals="1" methods="2" coveredmethods="2"/>
      <line num="1" count="2" type="stmt"/>
      <line num="4" count="2" type="stmt"/>
      <line num="13" count="2" type="stmt"/>
      <line num="14" count="2" type="stmt"/>
      <line num="15" count="2" type="stmt"/>
      <line num="16" count="2" type="stmt"/>
      <line num="18" count="0" type="stmt"/>
      <line num="19" count="0" type="stmt"/>
      <line num="21" count="2" type="stmt"/>
      <line num="26" count="2" type="cond" truecount="0" falsecount="1"/>
      <line num="27" count="0" type="stmt"/>
      <line num="31" count="2" type="cond" truecount="1" falsecount="1"/>
      <line num="34" count="2" type="stmt"/>
    </file>
  </project>
</coverage>
